<?xml version="1.0" encoding="UTF-8"?>
<testsuite name="com.pruebas.rpsgame.infrastructure.adapters.input.GameControllerTest" tests="3" skipped="0" failures="0" errors="0" timestamp="2024-09-01T04:42:14" hostname="MacBook-Pro-de-Liliana.local" time="0.41">
  <properties/>
  <testcase name="makeMove_shouldReturnUpdatedGame()" classname="com.pruebas.rpsgame.infrastructure.adapters.input.GameControllerTest" time="0.392"/>
  <testcase name="getGame_shouldReturnGame()" classname="com.pruebas.rpsgame.infrastructure.adapters.input.GameControllerTest" time="0.008"/>
  <testcase name="createGame_shouldReturnCreatedGame()" classname="com.pruebas.rpsgame.infrastructure.adapters.input.GameControllerTest" time="0.006"/>
  <system-out><![CDATA[2024-08-31T23:42:14.467-05:00  INFO 6782 --- [rpsgame] [    Test worker] t.c.s.AnnotationConfigContextLoaderUtils : Could not detect default configuration classes for test class [com.pruebas.rpsgame.infrastructure.adapters.input.GameControllerTest]: GameControllerTest does not declare any static, non-private, non-final, nested classes annotated with @Configuration.
2024-08-31T23:42:14.515-05:00  INFO 6782 --- [rpsgame] [    Test worker] .b.t.c.SpringBootTestContextBootstrapper : Found @SpringBootConfiguration com.pruebas.rpsgame.RpsgameApplication for test class com.pruebas.rpsgame.infrastructure.adapters.input.GameControllerTest

  .   ____          _            __ _ _
 /\\ / ___'_ __ _ _(_)_ __  __ _ \ \ \ \
( ( )\___ | '_ | '_| | '_ \/ _` | \ \ \ \
 \\/  ___)| |_)| | | | | || (_| |  ) ) ) )
  '  |____| .__|_| |_|_| |_\__, | / / / /
 =========|_|==============|___/=/_/_/_/

 :: Spring Boot ::                (v3.3.3)

2024-08-31T23:42:14.548-05:00  INFO 6782 --- [rpsgame] [    Test worker] c.p.r.i.a.input.GameControllerTest       : Starting GameControllerTest using Java 17.0.12 with PID 6782 (started by liliana in /Users/liliana/Documents/proyectos/java/rpsgame)
2024-08-31T23:42:14.549-05:00  INFO 6782 --- [rpsgame] [    Test worker] c.p.r.i.a.input.GameControllerTest       : No active profile set, falling back to 1 default profile: "default"
2024-08-31T23:42:14.809-05:00  INFO 6782 --- [rpsgame] [    Test worker] o.s.b.t.m.w.SpringBootMockServletContext : Initializing Spring TestDispatcherServlet ''
2024-08-31T23:42:14.809-05:00  INFO 6782 --- [rpsgame] [    Test worker] o.s.t.web.servlet.TestDispatcherServlet  : Initializing Servlet ''
2024-08-31T23:42:14.811-05:00  INFO 6782 --- [rpsgame] [    Test worker] o.s.t.web.servlet.TestDispatcherServlet  : Completed initialization in 1 ms
2024-08-31T23:42:14.820-05:00  INFO 6782 --- [rpsgame] [    Test worker] c.p.r.i.a.input.GameControllerTest       : Started GameControllerTest in 0.301 seconds (process running for 6.014)
]]></system-out>
  <system-err><![CDATA[]]></system-err>
</testsuite>
