<?xml version="1.0" encoding="UTF-8"?>
<testsuite name="com.pruebas.rpsgame.application.service.LeaderboardServiceTest" tests="1" skipped="0" failures="0" errors="0" timestamp="2024-09-01T04:42:14" hostname="MacBook-Pro-de-Liliana.local" time="0.001">
  <properties/>
  <testcase name="getTopPlayers_shouldReturnSortedList()" classname="com.pruebas.rpsgame.application.service.LeaderboardServiceTest" time="0.001"/>
  <system-out><![CDATA[]]></system-out>
  <system-err><![CDATA[]]></system-err>
</testsuite>
