<?xml version="1.0" encoding="UTF-8"?>
<testsuite name="com.pruebas.rpsgame.RpsgameApplicationTests" tests="1" skipped="0" failures="0" errors="0" timestamp="2024-09-01T04:42:12" hostname="MacBook-Pro-de-Liliana.local" time="1.177">
  <properties/>
  <testcase name="contextLoads()" classname="com.pruebas.rpsgame.RpsgameApplicationTests" time="1.177"/>
  <system-out><![CDATA[23:42:10.206 [Test worker] INFO org.springframework.test.context.support.AnnotationConfigContextLoaderUtils -- Could not detect default configuration classes for test class [com.pruebas.rpsgame.RpsgameApplicationTests]: RpsgameApplicationTests does not declare any static, non-private, non-final, nested classes annotated with @Configuration.
23:42:10.445 [Test worker] INFO org.springframework.boot.test.context.SpringBootTestContextBootstrapper -- Found @SpringBootConfiguration com.pruebas.rpsgame.RpsgameApplication for test class com.pruebas.rpsgame.RpsgameApplicationTests

  .   ____          _            __ _ _
 /\\ / ___'_ __ _ _(_)_ __  __ _ \ \ \ \
( ( )\___ | '_ | '_| | '_ \/ _` | \ \ \ \
 \\/  ___)| |_)| | | | | || (_| |  ) ) ) )
  '  |____| .__|_| |_|_| |_\__, | / / / /
 =========|_|==============|___/=/_/_/_/

 :: Spring Boot ::                (v3.3.3)

2024-08-31T23:42:11.148-05:00  INFO 6782 --- [rpsgame] [    Test worker] c.p.rpsgame.RpsgameApplicationTests      : Starting RpsgameApplicationTests using Java 17.0.12 with PID 6782 (started by liliana in /Users/liliana/Documents/proyectos/java/rpsgame)
2024-08-31T23:42:11.149-05:00  INFO 6782 --- [rpsgame] [    Test worker] c.p.rpsgame.RpsgameApplicationTests      : No active profile set, falling back to 1 default profile: "default"
2024-08-31T23:42:12.917-05:00  INFO 6782 --- [rpsgame] [    Test worker] c.p.rpsgame.RpsgameApplicationTests      : Started RpsgameApplicationTests in 2.178 seconds (process running for 4.111)
]]></system-out>
  <system-err><![CDATA[]]></system-err>
</testsuite>
